This is pdfTeX, Version 3.1415926-2.4-1.40.13 (TeX Live 2012/Debian) (format=pdflatex 2013.8.24)  11 SEP 2013 14:20
entering extended mode
 restricted \write18 enabled.
 %&-line parsing enabled.
**root_file.tex
(./root_file.tex
LaTeX2e <2011/06/27>
Babel <v3.8m> and hyphenation patterns for english, dumylang, nohyphenation, ng
erman, german, swissgerman, ngerman-x-2012-05-30, german-x-2012-05-30, loaded.
(/usr/share/texlive/texmf-dist/tex/latex/koma-script/scrbook.cls
Document Class: scrbook 2012/05/15 v3.11 KOMA-Script document class (book)
(/usr/share/texlive/texmf-dist/tex/latex/koma-script/scrkbase.sty
Package: scrkbase 2012/05/15 v3.11 KOMA-Script package (KOMA-Script-dependent b
asics and keyval usage)

(/usr/share/texlive/texmf-dist/tex/latex/koma-script/scrbase.sty
Package: scrbase 2012/05/15 v3.11 KOMA-Script package (KOMA-Script-independent 
basics and keyval usage)

(/usr/share/texlive/texmf-dist/tex/latex/graphics/keyval.sty
Package: keyval 1999/03/16 v1.13 key=value parser (DPC)
\KV@toks@=\toks14
)
(/usr/share/texlive/texmf-dist/tex/latex/koma-script/scrlfile.sty
Package: scrlfile 2011/03/09 v3.09 KOMA-Script package (loading files)

Package scrlfile, 2011/03/09 v3.09 KOMA-Script package (loading files)
                  Copyright (C) Markus Kohm

))) (/usr/share/texlive/texmf-dist/tex/latex/koma-script/tocbasic.sty
Package: tocbasic 2012/04/04 v3.10b KOMA-Script package (handling toc-files)
)
Package tocbasic Info: omitting babel extension for `toc'
(tocbasic)             because of feature `nobabel' available
(tocbasic)             for `toc' on input line 117.
Package tocbasic Info: omitting babel extension for `lof'
(tocbasic)             because of feature `nobabel' available
(tocbasic)             for `lof' on input line 118.
Package tocbasic Info: omitting babel extension for `lot'
(tocbasic)             because of feature `nobabel' available
(tocbasic)             for `lot' on input line 119.


Class scrbook Warning: You've used obsolete option `pointlessnumbers'.
(scrbook)              Usage of this option indicates an old document and
(scrbook)              changes compatibility level using
(scrbook)              `numbers=noenddot,version=first'.
(scrbook)              If you don't want this, you should simply replace
(scrbook)              usage of option `pointlessnumbers' by `numbers=noenddot'
.

Class scrbook Info: Switching compatibility level to `first'.
Package scrbook Info: You've used obsolete option `11pt'.
(scrbook)             \KOMAExecuteOptions{fontsize=11pt} will be
(scrbook)             used instead.
(scrbook)             You may simply replace `11pt'
(scrbook)             by `fontsize=11pt'.
Class scrbook Info: You've used standard option `openright'.
(scrbook)           This is correct!
(scrbook)           Internally I'm using `open=right'.
(scrbook)           If you'd like to set the option with \KOMAoptions,
(scrbook)           you'd have to use `open=right' there
(scrbook)           instead of `openright', too.
Class scrbook Info: File `scrsize11pt.clo' used to setup font sizes on input li
ne 1366.
(/usr/share/texlive/texmf-dist/tex/latex/koma-script/scrsize11pt.clo
File: scrsize11pt.clo 2012/05/15 v3.11 KOMA-Script font size class option (11pt
)
)
(/usr/share/texlive/texmf-dist/tex/latex/koma-script/typearea.sty
Package: typearea 2012/05/15 v3.11 KOMA-Script package (type area)

Package typearea, 2012/05/15 v3.11 KOMA-Script package (type area)
                  Copyright (C) Frank Neukam, 1992-1994
                  Copyright (C) Markus Kohm, 1994-

\ta@bcor=\skip41
\ta@div=\count79
Package typearea Info: You've used standard option `pdftex'.
(typearea)             This is correct!
(typearea)             Internally I'm using `pagesize=pdftex'.
(typearea)             If you'd like to set the option with \KOMAoptions,
(typearea)             you'd have to use `pagesize=pdftex' there
(typearea)             instead of `pdftex', too.
Package typearea Info: You've used standard option `a4paper'.
(typearea)             This is correct!
(typearea)             Internally I'm using `paper=a4'.
(typearea)             If you'd like to set the option with \KOMAoptions,
(typearea)             you'd have to use `paper=a4' there
(typearea)             instead of `a4paper', too.
\ta@hblk=\skip42
\ta@vblk=\skip43
\ta@temp=\skip44
Package typearea Info: These are the values describing the layout:
(typearea)             DIV  = 12
(typearea)             BCOR = 22.76219pt
(typearea)             \paperwidth      = 597.50793pt
(typearea)              \textwidth      = 431.05931pt
(typearea)              DIV departure   = -9%
(typearea)              \evensidemargin = 23.52097pt
(typearea)              \oddsidemargin  = -1.61232pt
(typearea)             \paperheight     = 845.04694pt
(typearea)              \textheight     = 636.60028pt
(typearea)              \topmargin      = -39.24942pt
(typearea)              \headheight     = 17.0pt
(typearea)              \headsep        = 20.40001pt
(typearea)              \topskip        = 11.0pt
(typearea)              \footskip       = 47.60002pt
(typearea)              \baselineskip   = 13.6pt
(typearea)              on input line 1211.
)
\c@part=\count80
\c@chapter=\count81
\c@section=\count82
\c@subsection=\count83
\c@subsubsection=\count84
\c@paragraph=\count85
\c@subparagraph=\count86
\abovecaptionskip=\skip45
\belowcaptionskip=\skip46
\c@pti@nb@sid@b@x=\box26
\c@figure=\count87
\c@table=\count88
\bibindent=\dimen102
) (./include/package.tex
(/usr/share/texlive/texmf-dist/tex/latex/listings/listings.sty
\lst@mode=\count89
\lst@gtempboxa=\box27
\lst@token=\toks15
\lst@length=\count90
\lst@currlwidth=\dimen103
\lst@column=\count91
\lst@pos=\count92
\lst@lostspace=\dimen104
\lst@width=\dimen105
\lst@newlines=\count93
\lst@lineno=\count94
\lst@maxwidth=\dimen106

(/usr/share/texlive/texmf-dist/tex/latex/listings/lstmisc.sty
File: lstmisc.sty 2007/02/22 1.4 (Carsten Heinz)
\c@lstnumber=\count95
\lst@skipnumbers=\count96
\lst@framebox=\box28
)
(/usr/share/texlive/texmf-dist/tex/latex/listings/listings.cfg
File: listings.cfg 2007/02/22 1.4 listings configuration
))
Package: listings 2007/02/22 1.4 (Carsten Heinz)

(/usr/share/texlive/texmf-dist/tex/latex/graphics/graphicx.sty
Package: graphicx 1999/02/16 v1.0f Enhanced LaTeX Graphics (DPC,SPQR)

(/usr/share/texlive/texmf-dist/tex/latex/graphics/graphics.sty
Package: graphics 2009/02/05 v1.0o Standard LaTeX Graphics (DPC,SPQR)

(/usr/share/texlive/texmf-dist/tex/latex/graphics/trig.sty
Package: trig 1999/03/16 v1.09 sin cos tan (DPC)
)
(/usr/share/texlive/texmf-dist/tex/latex/latexconfig/graphics.cfg
File: graphics.cfg 2010/04/23 v1.9 graphics configuration of TeX Live
)
Package graphics Info: Driver file: pdftex.def on input line 91.

(/usr/share/texlive/texmf-dist/tex/latex/pdftex-def/pdftex.def
File: pdftex.def 2011/05/27 v0.06d Graphics/color for pdfTeX

(/usr/share/texlive/texmf-dist/tex/generic/oberdiek/infwarerr.sty
Package: infwarerr 2010/04/08 v1.3 Providing info/warning/error messages (HO)
)
(/usr/share/texlive/texmf-dist/tex/generic/oberdiek/ltxcmds.sty
Package: ltxcmds 2011/11/09 v1.22 LaTeX kernel commands for general use (HO)
)
\Gread@gobject=\count97
))
\Gin@req@height=\dimen107
\Gin@req@width=\dimen108
)
(/usr/share/texlive/texmf-dist/tex/generic/babel/babel.sty
Package: babel 2008/07/08 v3.8m The Babel package

(/usr/share/texlive/texmf-dist/tex/generic/babel/ngermanb.ldf
Language: ngermanb 2008/07/06 v2.6n new German support from the babel system

(/usr/share/texlive/texmf-dist/tex/generic/babel/babel.def
File: babel.def 2008/07/08 v3.8m Babel common definitions
\babel@savecnt=\count98
\U@D=\dimen109
)
\l@naustrian = a dialect from \language\l@ngerman 
Package babel Info: Making " an active character on input line 92.
))
(/usr/share/texlive/texmf-dist/tex/latex/base/inputenc.sty
Package: inputenc 2008/03/30 v1.1d Input encoding file
\inpenc@prehook=\toks16
\inpenc@posthook=\toks17

(/usr/share/texlive/texmf-dist/tex/latex/base/ansinew.def
File: ansinew.def 2008/03/30 v1.1d Input encoding file
))
(/usr/share/texlive/texmf-dist/tex/latex/base/fontenc.sty
Package: fontenc 2005/09/27 v1.99g Standard LaTeX package

(/usr/share/texlive/texmf-dist/tex/latex/base/t1enc.def
File: t1enc.def 2005/09/27 v1.99g Standard LaTeX file
LaTeX Font Info:    Redeclaring font encoding T1 on input line 43.
))
(/usr/share/texlive/texmf-dist/tex/latex/fancyhdr/fancyhdr.sty
\fancy@headwidth=\skip47
\f@ncyO@elh=\skip48
\f@ncyO@erh=\skip49
\f@ncyO@olh=\skip50
\f@ncyO@orh=\skip51
\f@ncyO@elf=\skip52
\f@ncyO@erf=\skip53
\f@ncyO@olf=\skip54
\f@ncyO@orf=\skip55
)
(/usr/share/texlive/texmf-dist/tex/latex/hyperref/hyperref.sty
Package: hyperref 2012/05/13 v6.82q Hypertext links for LaTeX

(/usr/share/texlive/texmf-dist/tex/generic/oberdiek/hobsub-hyperref.sty
Package: hobsub-hyperref 2012/05/28 v1.13 Bundle oberdiek, subset hyperref (HO)


(/usr/share/texlive/texmf-dist/tex/generic/oberdiek/hobsub-generic.sty
Package: hobsub-generic 2012/05/28 v1.13 Bundle oberdiek, subset generic (HO)
Package: hobsub 2012/05/28 v1.13 Construct package bundles (HO)
Package hobsub Info: Skipping package `infwarerr' (already loaded).
Package hobsub Info: Skipping package `ltxcmds' (already loaded).
Package: ifluatex 2010/03/01 v1.3 Provides the ifluatex switch (HO)
Package ifluatex Info: LuaTeX not detected.
Package: ifvtex 2010/03/01 v1.5 Detect VTeX and its facilities (HO)
Package ifvtex Info: VTeX not detected.
Package: intcalc 2007/09/27 v1.1 Expandable calculations with integers (HO)
Package: ifpdf 2011/01/30 v2.3 Provides the ifpdf switch (HO)
Package ifpdf Info: pdfTeX in PDF mode is detected.
Package: etexcmds 2011/02/16 v1.5 Avoid name clashes with e-TeX commands (HO)
Package etexcmds Info: Could not find \expanded.
(etexcmds)             That can mean that you are not using pdfTeX 1.50 or
(etexcmds)             that some package has redefined \expanded.
(etexcmds)             In the latter case, load this package earlier.
Package: kvsetkeys 2012/04/25 v1.16 Key value parser (HO)
Package: kvdefinekeys 2011/04/07 v1.3 Define keys (HO)
Package: pdftexcmds 2011/11/29 v0.20 Utility functions of pdfTeX for LuaTeX (HO
)
Package pdftexcmds Info: LuaTeX not detected.
Package pdftexcmds Info: \pdf@primitive is available.
Package pdftexcmds Info: \pdf@ifprimitive is available.
Package pdftexcmds Info: \pdfdraftmode found.
Package: pdfescape 2011/11/25 v1.13 Implements pdfTeX's escape features (HO)
Package: bigintcalc 2012/04/08 v1.3 Expandable calculations on big integers (HO
)
Package: bitset 2011/01/30 v1.1 Handle bit-vector datatype (HO)
Package: uniquecounter 2011/01/30 v1.2 Provide unlimited unique counter (HO)
)
Package hobsub Info: Skipping package `hobsub' (already loaded).
Package: letltxmacro 2010/09/02 v1.4 Let assignment for LaTeX macros (HO)
Package: hopatch 2012/05/28 v1.2 Wrapper for package hooks (HO)
Package: xcolor-patch 2011/01/30 xcolor patch
Package: atveryend 2011/06/30 v1.8 Hooks at the very end of document (HO)
Package atveryend Info: \enddocument detected (standard20110627).
Package: atbegshi 2011/10/05 v1.16 At begin shipout hook (HO)
Package: refcount 2011/10/16 v3.4 Data extraction from label references (HO)
Package: hycolor 2011/01/30 v1.7 Color options for hyperref/bookmark (HO)
)
(/usr/share/texlive/texmf-dist/tex/generic/ifxetex/ifxetex.sty
Package: ifxetex 2010/09/12 v0.6 Provides ifxetex conditional
)
(/usr/share/texlive/texmf-dist/tex/latex/oberdiek/kvoptions.sty
Package: kvoptions 2011/06/30 v3.11 Key value format for package options (HO)
)
\@linkdim=\dimen110
\Hy@linkcounter=\count99
\Hy@pagecounter=\count100

(/usr/share/texlive/texmf-dist/tex/latex/hyperref/pd1enc.def
File: pd1enc.def 2012/05/13 v6.82q Hyperref: PDFDocEncoding definition (HO)
)
\Hy@SavedSpaceFactor=\count101

(/usr/share/texlive/texmf-dist/tex/latex/latexconfig/hyperref.cfg
File: hyperref.cfg 2002/06/06 v1.2 hyperref configuration of TeXLive
)
Package hyperref Info: Hyper figures OFF on input line 4062.
Package hyperref Info: Link nesting OFF on input line 4067.
Package hyperref Info: Hyper index ON on input line 4070.
Package hyperref Info: Plain pages OFF on input line 4077.
Package hyperref Info: Backreferencing OFF on input line 4082.
Package hyperref Info: Implicit mode ON; LaTeX internals redefined.
Package hyperref Info: Bookmarks ON on input line 4300.
\c@Hy@tempcnt=\count102

(/usr/share/texlive/texmf-dist/tex/latex/url/url.sty
\Urlmuskip=\muskip10
Package: url 2006/04/12  ver 3.3  Verb mode for urls, etc.
)
LaTeX Info: Redefining \url on input line 4653.
\Fld@menulength=\count103
\Field@Width=\dimen111
\Fld@charsize=\dimen112
Package hyperref Info: Hyper figures OFF on input line 5773.
Package hyperref Info: Link nesting OFF on input line 5778.
Package hyperref Info: Hyper index ON on input line 5781.
Package hyperref Info: backreferencing OFF on input line 5788.
Package hyperref Info: Link coloring OFF on input line 5793.
Package hyperref Info: Link coloring with OCG OFF on input line 5798.
Package hyperref Info: PDF/A mode OFF on input line 5803.
LaTeX Info: Redefining \ref on input line 5843.
LaTeX Info: Redefining \pageref on input line 5847.
\Hy@abspage=\count104
\c@Item=\count105
\c@Hfootnote=\count106
)

Package hyperref Message: Driver: hpdftex.

(/usr/share/texlive/texmf-dist/tex/latex/hyperref/hpdftex.def
File: hpdftex.def 2012/05/13 v6.82q Hyperref driver for pdfTeX
\Fld@listcount=\count107
\c@bookmark@seq@number=\count108

(/usr/share/texlive/texmf-dist/tex/latex/oberdiek/rerunfilecheck.sty
Package: rerunfilecheck 2011/04/15 v1.7 Rerun checks for auxiliary files (HO)
Package uniquecounter Info: New unique counter `rerunfilecheck' on input line 2
82.
)
\Hy@SectionHShift=\skip56
)
(/usr/share/texlive/texmf-dist/tex/generic/ulem/ulem.sty
\UL@box=\box29
\UL@hyphenbox=\box30
\UL@skip=\skip57
\UL@hook=\toks18
\UL@height=\dimen113
\UL@pe=\count109
\UL@pixel=\dimen114
\ULC@box=\box31
Package: ulem 2012/05/18
\ULdepth=\dimen115
)
(/usr/share/texmf/tex/latex/pgf/frontendlayer/tikz.sty
(/usr/share/texmf/tex/latex/pgf/basiclayer/pgf.sty
(/usr/share/texmf/tex/latex/pgf/utilities/pgfrcs.sty
(/usr/share/texmf/tex/generic/pgf/utilities/pgfutil-common.tex
\pgfutil@everybye=\toks19
)
(/usr/share/texmf/tex/generic/pgf/utilities/pgfutil-latex.def
\pgfutil@abb=\box32

(/usr/share/texlive/texmf-dist/tex/latex/ms/everyshi.sty
Package: everyshi 2001/05/15 v3.00 EveryShipout Package (MS)
))
(/usr/share/texmf/tex/generic/pgf/utilities/pgfrcs.code.tex
Package: pgfrcs 2010/10/25 v2.10 (rcs-revision 1.24)
))
Package: pgf 2008/01/15 v2.10 (rcs-revision 1.12)

(/usr/share/texmf/tex/latex/pgf/basiclayer/pgfcore.sty
(/usr/share/texmf/tex/latex/pgf/systemlayer/pgfsys.sty
(/usr/share/texmf/tex/generic/pgf/systemlayer/pgfsys.code.tex
Package: pgfsys 2010/06/30 v2.10 (rcs-revision 1.37)

(/usr/share/texmf/tex/generic/pgf/utilities/pgfkeys.code.tex
\pgfkeys@pathtoks=\toks20
\pgfkeys@temptoks=\toks21

(/usr/share/texmf/tex/generic/pgf/utilities/pgfkeysfiltered.code.tex
\pgfkeys@tmptoks=\toks22
))
\pgf@x=\dimen116
\pgf@y=\dimen117
\pgf@xa=\dimen118
\pgf@ya=\dimen119
\pgf@xb=\dimen120
\pgf@yb=\dimen121
\pgf@xc=\dimen122
\pgf@yc=\dimen123
\w@pgf@writea=\write3
\r@pgf@reada=\read1
\c@pgf@counta=\count110
\c@pgf@countb=\count111
\c@pgf@countc=\count112
\c@pgf@countd=\count113

(/usr/share/texmf/tex/generic/pgf/systemlayer/pgf.cfg
File: pgf.cfg 2008/05/14  (rcs-revision 1.7)
)
Package pgfsys Info: Driver file for pgf: pgfsys-pdftex.def on input line 900.

(/usr/share/texmf/tex/generic/pgf/systemlayer/pgfsys-pdftex.def
File: pgfsys-pdftex.def 2009/05/22  (rcs-revision 1.26)

(/usr/share/texmf/tex/generic/pgf/systemlayer/pgfsys-common-pdf.def
File: pgfsys-common-pdf.def 2008/05/19  (rcs-revision 1.10)
)))
(/usr/share/texmf/tex/generic/pgf/systemlayer/pgfsyssoftpath.code.tex
File: pgfsyssoftpath.code.tex 2008/07/18  (rcs-revision 1.7)
\pgfsyssoftpath@smallbuffer@items=\count114
\pgfsyssoftpath@bigbuffer@items=\count115
)
(/usr/share/texmf/tex/generic/pgf/systemlayer/pgfsysprotocol.code.tex
File: pgfsysprotocol.code.tex 2006/10/16  (rcs-revision 1.4)
))
(/usr/share/texmf/tex/latex/xcolor/xcolor.sty
Package: xcolor 2007/01/21 v2.11 LaTeX color extensions (UK)

(/usr/share/texlive/texmf-dist/tex/latex/latexconfig/color.cfg
File: color.cfg 2007/01/18 v1.5 color configuration of teTeX/TeXLive
)
Package xcolor Info: Driver file: pdftex.def on input line 225.
Package xcolor Info: Model `cmy' substituted by `cmy0' on input line 1337.
Package xcolor Info: Model `hsb' substituted by `rgb' on input line 1341.
Package xcolor Info: Model `RGB' extended on input line 1353.
Package xcolor Info: Model `HTML' substituted by `rgb' on input line 1355.
Package xcolor Info: Model `Hsb' substituted by `hsb' on input line 1356.
Package xcolor Info: Model `tHsb' substituted by `hsb' on input line 1357.
Package xcolor Info: Model `HSB' substituted by `hsb' on input line 1358.
Package xcolor Info: Model `Gray' substituted by `gray' on input line 1359.
Package xcolor Info: Model `wave' substituted by `hsb' on input line 1360.
)
(/usr/share/texmf/tex/generic/pgf/basiclayer/pgfcore.code.tex
Package: pgfcore 2010/04/11 v2.10 (rcs-revision 1.7)

(/usr/share/texmf/tex/generic/pgf/math/pgfmath.code.tex
(/usr/share/texmf/tex/generic/pgf/math/pgfmathcalc.code.tex
(/usr/share/texmf/tex/generic/pgf/math/pgfmathutil.code.tex)
(/usr/share/texmf/tex/generic/pgf/math/pgfmathparser.code.tex
\pgfmath@dimen=\dimen124
\pgfmath@count=\count116
\pgfmath@box=\box33
\pgfmath@toks=\toks23
\pgfmath@stack@operand=\toks24
\pgfmath@stack@operation=\toks25
)
(/usr/share/texmf/tex/generic/pgf/math/pgfmathfunctions.code.tex
(/usr/share/texmf/tex/generic/pgf/math/pgfmathfunctions.basic.code.tex)
(/usr/share/texmf/tex/generic/pgf/math/pgfmathfunctions.trigonometric.code.tex)
(/usr/share/texmf/tex/generic/pgf/math/pgfmathfunctions.random.code.tex)
(/usr/share/texmf/tex/generic/pgf/math/pgfmathfunctions.comparison.code.tex)
(/usr/share/texmf/tex/generic/pgf/math/pgfmathfunctions.base.code.tex)
(/usr/share/texmf/tex/generic/pgf/math/pgfmathfunctions.round.code.tex)
(/usr/share/texmf/tex/generic/pgf/math/pgfmathfunctions.misc.code.tex)))
(/usr/share/texmf/tex/generic/pgf/math/pgfmathfloat.code.tex
\c@pgfmathroundto@lastzeros=\count117
))
(/usr/share/texmf/tex/generic/pgf/basiclayer/pgfcorepoints.code.tex
File: pgfcorepoints.code.tex 2010/04/09  (rcs-revision 1.20)
\pgf@picminx=\dimen125
\pgf@picmaxx=\dimen126
\pgf@picminy=\dimen127
\pgf@picmaxy=\dimen128
\pgf@pathminx=\dimen129
\pgf@pathmaxx=\dimen130
\pgf@pathminy=\dimen131
\pgf@pathmaxy=\dimen132
\pgf@xx=\dimen133
\pgf@xy=\dimen134
\pgf@yx=\dimen135
\pgf@yy=\dimen136
\pgf@zx=\dimen137
\pgf@zy=\dimen138
)
(/usr/share/texmf/tex/generic/pgf/basiclayer/pgfcorepathconstruct.code.tex
File: pgfcorepathconstruct.code.tex 2010/08/03  (rcs-revision 1.24)
\pgf@path@lastx=\dimen139
\pgf@path@lasty=\dimen140
)
(/usr/share/texmf/tex/generic/pgf/basiclayer/pgfcorepathusage.code.tex
File: pgfcorepathusage.code.tex 2008/04/22  (rcs-revision 1.12)
\pgf@shorten@end@additional=\dimen141
\pgf@shorten@start@additional=\dimen142
)
(/usr/share/texmf/tex/generic/pgf/basiclayer/pgfcorescopes.code.tex
File: pgfcorescopes.code.tex 2010/09/08  (rcs-revision 1.34)
\pgfpic=\box34
\pgf@hbox=\box35
\pgf@layerbox@main=\box36
\pgf@picture@serial@count=\count118
)
(/usr/share/texmf/tex/generic/pgf/basiclayer/pgfcoregraphicstate.code.tex
File: pgfcoregraphicstate.code.tex 2008/04/22  (rcs-revision 1.9)
\pgflinewidth=\dimen143
)
(/usr/share/texmf/tex/generic/pgf/basiclayer/pgfcoretransformations.code.tex
File: pgfcoretransformations.code.tex 2009/06/10  (rcs-revision 1.11)
\pgf@pt@x=\dimen144
\pgf@pt@y=\dimen145
\pgf@pt@temp=\dimen146
)
(/usr/share/texmf/tex/generic/pgf/basiclayer/pgfcorequick.code.tex
File: pgfcorequick.code.tex 2008/10/09  (rcs-revision 1.3)
)
(/usr/share/texmf/tex/generic/pgf/basiclayer/pgfcoreobjects.code.tex
File: pgfcoreobjects.code.tex 2006/10/11  (rcs-revision 1.2)
)
(/usr/share/texmf/tex/generic/pgf/basiclayer/pgfcorepathprocessing.code.tex
File: pgfcorepathprocessing.code.tex 2008/10/09  (rcs-revision 1.8)
)
(/usr/share/texmf/tex/generic/pgf/basiclayer/pgfcorearrows.code.tex
File: pgfcorearrows.code.tex 2008/04/23  (rcs-revision 1.11)
)
(/usr/share/texmf/tex/generic/pgf/basiclayer/pgfcoreshade.code.tex
File: pgfcoreshade.code.tex 2008/11/23  (rcs-revision 1.13)
\pgf@max=\dimen147
\pgf@sys@shading@range@num=\count119
)
(/usr/share/texmf/tex/generic/pgf/basiclayer/pgfcoreimage.code.tex
File: pgfcoreimage.code.tex 2010/03/25  (rcs-revision 1.16)

(/usr/share/texmf/tex/generic/pgf/basiclayer/pgfcoreexternal.code.tex
File: pgfcoreexternal.code.tex 2010/09/01  (rcs-revision 1.17)
\pgfexternal@startupbox=\box37
))
(/usr/share/texmf/tex/generic/pgf/basiclayer/pgfcorelayers.code.tex
File: pgfcorelayers.code.tex 2010/08/27  (rcs-revision 1.2)
)
(/usr/share/texmf/tex/generic/pgf/basiclayer/pgfcoretransparency.code.tex
File: pgfcoretransparency.code.tex 2008/01/17  (rcs-revision 1.2)
)
(/usr/share/texmf/tex/generic/pgf/basiclayer/pgfcorepatterns.code.tex
File: pgfcorepatterns.code.tex 2009/07/02  (rcs-revision 1.3)
)))
(/usr/share/texmf/tex/generic/pgf/modules/pgfmoduleshapes.code.tex
File: pgfmoduleshapes.code.tex 2010/09/09  (rcs-revision 1.13)
\pgfnodeparttextbox=\box38
)
(/usr/share/texmf/tex/generic/pgf/modules/pgfmoduleplot.code.tex
File: pgfmoduleplot.code.tex 2010/10/22  (rcs-revision 1.8)
)
(/usr/share/texmf/tex/latex/pgf/compatibility/pgfcomp-version-0-65.sty
Package: pgfcomp-version-0-65 2007/07/03 v2.10 (rcs-revision 1.7)
\pgf@nodesepstart=\dimen148
\pgf@nodesepend=\dimen149
)
(/usr/share/texmf/tex/latex/pgf/compatibility/pgfcomp-version-1-18.sty
Package: pgfcomp-version-1-18 2007/07/23 v2.10 (rcs-revision 1.1)
))
(/usr/share/texmf/tex/latex/pgf/utilities/pgffor.sty
(/usr/share/texmf/tex/latex/pgf/utilities/pgfkeys.sty
(/usr/share/texmf/tex/generic/pgf/utilities/pgfkeys.code.tex))
(/usr/share/texmf/tex/generic/pgf/utilities/pgffor.code.tex
Package: pgffor 2010/03/23 v2.10 (rcs-revision 1.18)
\pgffor@iter=\dimen150
\pgffor@skip=\dimen151
\pgffor@stack=\toks26
\pgffor@toks=\toks27
))
(/usr/share/texmf/tex/generic/pgf/frontendlayer/tikz/tikz.code.tex
Package: tikz 2010/10/13 v2.10 (rcs-revision 1.76)

(/usr/share/texmf/tex/generic/pgf/libraries/pgflibraryplothandlers.code.tex
File: pgflibraryplothandlers.code.tex 2010/05/31 v2.10 (rcs-revision 1.15)
\pgf@plot@mark@count=\count120
\pgfplotmarksize=\dimen152
)
\tikz@lastx=\dimen153
\tikz@lasty=\dimen154
\tikz@lastxsaved=\dimen155
\tikz@lastysaved=\dimen156
\tikzleveldistance=\dimen157
\tikzsiblingdistance=\dimen158
\tikz@figbox=\box39
\tikz@tempbox=\box40
\tikztreelevel=\count121
\tikznumberofchildren=\count122
\tikznumberofcurrentchild=\count123
\tikz@fig@count=\count124

(/usr/share/texmf/tex/generic/pgf/modules/pgfmodulematrix.code.tex
File: pgfmodulematrix.code.tex 2010/08/24  (rcs-revision 1.4)
\pgfmatrixcurrentrow=\count125
\pgfmatrixcurrentcolumn=\count126
\pgf@matrix@numberofcolumns=\count127
)
\tikz@expandcount=\count128

(/usr/share/texmf/tex/generic/pgf/frontendlayer/tikz/libraries/tikzlibrarytopat
hs.code.tex
File: tikzlibrarytopaths.code.tex 2008/06/17 v2.10 (rcs-revision 1.2)
)))) (/usr/share/texlive/texmf-dist/tex/latex/setspace/setspace.sty
Package: setspace 2011/12/19 v6.7a set line spacing
)
\@input{include/header.aux}
\openout2 = `include/header.aux'.

(./include/header.tex
(/usr/share/texlive/texmf-dist/tex/latex/listings/lstlang1.sty
File: lstlang1.sty 2004/09/05 1.3 listings language file
)
(/usr/share/texlive/texmf-dist/tex/latex/listings/lstlang1.sty
File: lstlang1.sty 2004/09/05 1.3 listings language file
)
(/usr/share/texlive/texmf-dist/tex/latex/listings/lstlang1.sty
File: lstlang1.sty 2004/09/05 1.3 listings language file
)
(/usr/share/texlive/texmf-dist/tex/latex/listings/lstmisc.sty
File: lstmisc.sty 2007/02/22 1.4 (Carsten Heinz)
)
(/usr/share/texlive/texmf-dist/tex/latex/listings/lstlang1.sty
File: lstlang1.sty 2004/09/05 1.3 listings language file
)
(/usr/share/texlive/texmf-dist/tex/latex/listings/lstlang2.sty
File: lstlang2.sty 2004/09/05 1.3 listings language file
))
(./include/hyphenation.tex) (./root_file.aux (./start/kurzfassung.aux)
(./start/ehrenwoertliche_erklaerung.aux) (./start/sperrvermerk.aux)
(./kapitel/einleitung.aux) (./kapitel/grundlagen.aux) (./kapitel/sicherheit.aux
) (./kapitel/android_app.aux) (./kapitel/webanwendung.aux)
(./kapitel/zusammenfassung.aux) (./kapitel/anhang.aux))
\openout1 = `root_file.aux'.

LaTeX Font Info:    Checking defaults for OML/cmm/m/it on input line 7.
LaTeX Font Info:    ... okay on input line 7.
LaTeX Font Info:    Checking defaults for T1/cmr/m/n on input line 7.
LaTeX Font Info:    ... okay on input line 7.
LaTeX Font Info:    Checking defaults for OT1/cmr/m/n on input line 7.
LaTeX Font Info:    ... okay on input line 7.
LaTeX Font Info:    Checking defaults for OMS/cmsy/m/n on input line 7.
LaTeX Font Info:    ... okay on input line 7.
LaTeX Font Info:    Checking defaults for OMX/cmex/m/n on input line 7.
LaTeX Font Info:    ... okay on input line 7.
LaTeX Font Info:    Checking defaults for U/cmr/m/n on input line 7.
LaTeX Font Info:    ... okay on input line 7.
LaTeX Font Info:    Checking defaults for PD1/pdf/m/n on input line 7.
LaTeX Font Info:    ... okay on input line 7.
\c@lstlisting=\count129

(/usr/share/texlive/texmf-dist/tex/context/base/supp-pdf.mkii
[Loading MPS to PDF converter (version 2006.09.02).]
\scratchcounter=\count130
\scratchdimen=\dimen159
\scratchbox=\box41
\nofMPsegments=\count131
\nofMParguments=\count132
\everyMPshowfont=\toks28
\MPscratchCnt=\count133
\MPscratchDim=\dimen160
\MPnumerator=\count134
\makeMPintoPDFobject=\count135
\everyMPtoPDFconversion=\toks29
) (/usr/share/texlive/texmf-dist/tex/latex/oberdiek/epstopdf-base.sty
Package: epstopdf-base 2010/02/09 v2.5 Base part for package epstopdf

(/usr/share/texlive/texmf-dist/tex/latex/oberdiek/grfext.sty
Package: grfext 2010/08/19 v1.1 Manage graphics extensions (HO)
)
Package grfext Info: Graphics extension search list:
(grfext)             [.png,.pdf,.jpg,.mps,.jpeg,.jbig2,.jb2,.PNG,.PDF,.JPG,.JPE
G,.JBIG2,.JB2,.eps]
(grfext)             \AppendGraphicsExtensions on input line 452.

(/usr/share/texlive/texmf-dist/tex/latex/latexconfig/epstopdf-sys.cfg
File: epstopdf-sys.cfg 2010/07/13 v1.3 Configuration of (r)epstopdf for TeX Liv
e
))
\AtBeginShipoutBox=\box42
Package hyperref Info: Link coloring OFF on input line 7.

(/usr/share/texlive/texmf-dist/tex/latex/hyperref/nameref.sty
Package: nameref 2010/04/30 v2.40 Cross-referencing by name of section

(/usr/share/texlive/texmf-dist/tex/generic/oberdiek/gettitlestring.sty
Package: gettitlestring 2010/12/03 v1.4 Cleanup title references (HO)
)
\c@section@level=\count136
)
LaTeX Info: Redefining \ref on input line 7.
LaTeX Info: Redefining \pageref on input line 7.
LaTeX Info: Redefining \nameref on input line 7.

(./root_file.out) (./root_file.out)
\@outlinefile=\write4
\openout4 = `root_file.out'.

 ABD: EveryShipout initializing macros
(./start/cover.tex <fotos/fhlogo_imst.png, id=300, 441.65pt x 55.20625pt>
File: fotos/fhlogo_imst.png Graphic file (type png)

<use fotos/fhlogo_imst.png>
Package pdftex.def Info: fotos/fhlogo_imst.png used on input line 4.
(pdftex.def)             Requested size: 220.82445pt x 27.60304pt.

Underfull \hbox (badness 10000) in paragraph at lines 4--5

 []

[1





{/var/lib/texmf/fonts/map/pdftex/updmap/pdftex.map} <./fotos/fhlogo_imst.png>] 
[2


])
\openout2 = `start/kurzfassung.aux'.

 (./start/kurzfassung.tex
LaTeX Font Info:    Try loading font information for T1+cmss on input line 4.

(/usr/share/texlive/texmf-dist/tex/latex/base/t1cmss.fd
File: t1cmss.fd 1999/05/25 v2.5h Standard LaTeX font definitions
)) [1

]
\openout2 = `start/ehrenwoertliche_erklaerung.aux'.


(./start/ehrenwoertliche_erklaerung.tex [2




]
LaTeX Font Info:    Try loading font information for OMS+cmr on input line 7.

(/usr/share/texlive/texmf-dist/tex/latex/base/omscmr.fd
File: omscmr.fd 1999/05/25 v2.5h Standard LaTeX font definitions
)
LaTeX Font Info:    Font shape `OMS/cmr/m/n' in size <10.95> not available
(Font)              Font shape `OMS/cmsy/m/n' tried instead on input line 7.
) [3]
\openout2 = `start/sperrvermerk.aux'.


(./start/sperrvermerk.tex [4




]
Overfull \hbox (13.95145pt too wide) in paragraph at lines 2--9
\T1/cmr/m/n/10.95 drück-li-chen schrift-li-chen Ge-neh-mi-gung des Ver-fas-sers
 und \T1/cmr/bx/n/10.95 [Fach-hoch-schu-le Kaiserslautern-
 []

) [5] [6



] (./root_file.toc
LaTeX Font Info:    External font `cmex10' loaded for size
(Font)              <10.95> on input line 3.
LaTeX Font Info:    External font `cmex10' loaded for size
(Font)              <8> on input line 3.
LaTeX Font Info:    External font `cmex10' loaded for size
(Font)              <6> on input line 3.
pdfTeX warning (ext4): destination with the same identifier (name{page.1}) has 
been already used, duplicate ignored
<to be read again> 
                   \relax 
l.37 ...und Datenbankserver}{32}{subsection.3.3.4}
                                                   [1


]pdfTeX warning (ext4): destination with the same identifier (name{page.2}) has
 been already used, duplicate ignored
<to be read again> 
                   \relax 
l.74 ...Zusammenfassung / Ausblick}{91}{chapter.6}
                                                   [2])
\tf@toc=\write5
\openout5 = `root_file.toc'.

 [3]
\openout2 = `kapitel/einleitung.aux'.


(./kapitel/einleitung.tex [4



]
Kapitel 1.

Class scrbook Warning: \float@addtolists detected!
(scrbook)              You should use the features of package `tocbasic'
(scrbook)              instead of \float@addtolists.
(scrbook)              Support for \float@addtolists may be removed from
(scrbook)              `scrbook' soon .

[5]
Overfull \hbox (14.70636pt too wide) in paragraph at lines 41--45
\T1/cmr/m/n/10.95 rungs-ver-hal-ten sei-ner Pa-ti-en-ten zu über-wa-chen und be
i ei-ner am-bu-lan-ten Adipositas-Betreuung
 []

[6]) [7]
\openout2 = `kapitel/grundlagen.aux'.

 (./kapitel/grundlagen.tex [8




]
Kapitel 2.

Overfull \hbox (8.96852pt too wide) in paragraph at lines 8--14
\T1/cmr/m/n/10.95 kur-z-er Di-stanz. Die-ser Stan-dard wur-de von der \T1/cmr/m
/it/10.95 Blue-tooth Spe-ci-al In-te-rest Group \T1/cmr/m/n/10.95 (SIG)[[],
 []


Underfull \hbox (badness 10000) in paragraph at lines 8--14

 []


Overfull \hbox (12.83418pt too wide) in paragraph at lines 17--22
\T1/cmr/m/n/10.95 Protokolls ist die Emu-lie-rung ei-ner se-ri-el-len Schnitt-s
tel-le, ver-gleich-bar der RS-232-Schnittstelle.
 []


Underfull \hbox (badness 10000) in paragraph at lines 17--22

 []


Underfull \hbox (badness 10000) in paragraph at lines 25--32

 []

[9]
Underfull \hbox (badness 10000) in paragraph at lines 35--36

 []


Underfull \hbox (badness 10000) in paragraph at lines 39--44

 []


Underfull \hbox (badness 10000) in paragraph at lines 47--54

 []


Underfull \hbox (badness 10000) in paragraph at lines 57--62

 []

[10] <fotos/devices/KERN_PCB_laborwaage.png, id=480, 803.0pt x 622.325pt>
File: fotos/devices/KERN_PCB_laborwaage.png Graphic file (type png)

<use fotos/devices/KERN_PCB_laborwaage.png>
Package pdftex.def Info: fotos/devices/KERN_PCB_laborwaage.png used on input li
ne 81.
(pdftex.def)             Requested size: 240.90186pt x 186.69893pt.


LaTeX Warning: `h' float specifier changed to `ht'.


Underfull \hbox (badness 10000) in paragraph at lines 88--93

 []

<fotos/devices/KERN_PCB_RS232.png, id=481, 803.0pt x 605.26125pt>
File: fotos/devices/KERN_PCB_RS232.png Graphic file (type png)

<use fotos/devices/KERN_PCB_RS232.png>
Package pdftex.def Info: fotos/devices/KERN_PCB_RS232.png used on input line 97
.
(pdftex.def)             Requested size: 240.90186pt x 181.57976pt.


LaTeX Warning: `h' float specifier changed to `ht'.


Underfull \hbox (badness 10000) in paragraph at lines 104--109

 []

[11] [12 <./fotos/devices/KERN_PCB_laborwaage.png (PNG copy)> <./fotos/devices/
KERN_PCB_RS232.png (PNG copy)>]
<fotos/devices/PicoPlug_bt_dongle.png, id=499, 803.0pt x 602.25pt>
File: fotos/devices/PicoPlug_bt_dongle.png Graphic file (type png)

<use fotos/devices/PicoPlug_bt_dongle.png>
Package pdftex.def Info: fotos/devices/PicoPlug_bt_dongle.png used on input lin
e 124.
(pdftex.def)             Requested size: 240.90186pt x 180.67639pt.

Underfull \hbox (badness 10000) in paragraph at lines 130--137

 []

<fotos/devices/WeightTel_koerperwaage.png, id=501, 803.0pt x 783.92876pt>
File: fotos/devices/WeightTel_koerperwaage.png Graphic file (type png)

<use fotos/devices/WeightTel_koerperwaage.png>
Package pdftex.def Info: fotos/devices/WeightTel_koerperwaage.png used on input
 line 140.
(pdftex.def)             Requested size: 240.90186pt x 235.18044pt.
 [13 <./fotos/devices/PicoPlug_bt_dongle.png (PNG copy)>]
LaTeX Font Info:    External font `cmex10' loaded for size
(Font)              <9> on input line 157.
LaTeX Font Info:    External font `cmex10' loaded for size
(Font)              <5> on input line 157.

Overfull \hbox (0.42393pt too wide) in paragraph at lines 155--164
\T1/cmr/m/n/10.95 Für Blutdruck-Monitoring wird der Pres-su-re-Tel Sen-sor der 
Fir-ma Bo-dy-tel verwendet.[[]]
 []


Underfull \hbox (badness 10000) in paragraph at lines 155--164

 []


<fotos/devices/PressureTel_blutdruckmesser.png, id=515, 803.0pt x 591.20876pt>
File: fotos/devices/PressureTel_blutdruckmesser.png Graphic file (type png)

<use fotos/devices/PressureTel_blutdruckmesser.png>
Package pdftex.def Info: fotos/devices/PressureTel_blutdruckmesser.png used on 
input line 167.
(pdftex.def)             Requested size: 240.90186pt x 177.36398pt.
 [14 <./fotos/devices/WeightTel_koerperwaage.png (PNG copy)>] [15 <./fotos/devi
ces/PressureTel_blutdruckmesser.png (PNG copy)>]
Underfull \hbox (badness 10000) in paragraph at lines 206--209

 []

<fotos/extras/ean-code.jpg, id=540, 2020.54875pt x 1515.6625pt>
File: fotos/extras/ean-code.jpg Graphic file (type jpg)

<use fotos/extras/ean-code.jpg>
Package pdftex.def Info: fotos/extras/ean-code.jpg used on input line 212.
(pdftex.def)             Requested size: 141.45287pt x 106.10721pt.

Underfull \hbox (badness 10000) in paragraph at lines 219--228

 []

[16 <./fotos/extras/ean-code.jpg>]
Underfull \hbox (badness 10000) in paragraph at lines 237--239

 []

<diagramme/REST.png, id=548, 1110.1475pt x 492.84125pt>
File: diagramme/REST.png Graphic file (type png)

<use diagramme/REST.png>
Package pdftex.def Info: diagramme/REST.png used on input line 243.
(pdftex.def)             Requested size: 444.05113pt x 197.133pt.

Overfull \hbox (12.99182pt too wide) in paragraph at lines 243--244
 [][] 
 []


Underfull \hbox (badness 10000) in paragraph at lines 248--260

 []

[17 <./diagramme/REST.png>]
Underfull \hbox (badness 10000) in paragraph at lines 265--272

 []

LaTeX Font Info:    Try loading font information for T1+cmtt on input line 273.

(/usr/share/texlive/texmf-dist/tex/latex/base/t1cmtt.fd
File: t1cmtt.fd 1999/05/25 v2.5h Standard LaTeX font definitions
)
LaTeX Font Info:    Font shape `T1/cmtt/bx/n' in size <8> not available
(Font)              Font shape `T1/cmtt/m/n' tried instead on input line 274.
 [18]
Underfull \hbox (badness 10000) in paragraph at lines 321--323

 []

[19]
Underfull \hbox (badness 10000) in paragraph at lines 345--352

 []


Underfull \hbox (badness 10000) in paragraph at lines 355--363

 []


Underfull \hbox (badness 10000) in paragraph at lines 365--373

 []

[20] <fotos/kapitel2/ergebnis_html.png, id=619, 314.17375pt x 193.72375pt>
File: fotos/kapitel2/ergebnis_html.png Graphic file (type png)

<use fotos/kapitel2/ergebnis_html.png>
Package pdftex.def Info: fotos/kapitel2/ergebnis_html.png used on input line 39
6.
(pdftex.def)             Requested size: 188.50569pt x 116.23514pt.

<fotos/kapitel2/dom_elements.png, id=620, 521.95pt x 214.8025pt>
File: fotos/kapitel2/dom_elements.png Graphic file (type png)

<use fotos/kapitel2/dom_elements.png>
Package pdftex.def Info: fotos/kapitel2/dom_elements.png used on input line 403
.
(pdftex.def)             Requested size: 365.3625pt x 150.36072pt.


LaTeX Warning: `h' float specifier changed to `ht'.

[21 <./fotos/kapitel2/ergebnis_html.png>]
Underfull \hbox (badness 10000) in paragraph at lines 427--429

 []

[22 <./fotos/kapitel2/dom_elements.png>]
Underfull \hbox (badness 10000) in paragraph at lines 456--468

 []

<fotos/kapitel2/ergebnis_html_table.png, id=666, 294.09875pt x 192.72pt>
File: fotos/kapitel2/ergebnis_html_table.png Graphic file (type png)

<use fotos/kapitel2/ergebnis_html_table.png>
Package pdftex.def Info: fotos/kapitel2/ergebnis_html_table.png used on input l
ine 471.
(pdftex.def)             Requested size: 176.4606pt x 115.63287pt.

<fotos/kapitel2/dom_elements_table.png, id=667, 476.78125pt x 352.31625pt>
File: fotos/kapitel2/dom_elements_table.png Graphic file (type png)

<use fotos/kapitel2/dom_elements_table.png>
Package pdftex.def Info: fotos/kapitel2/dom_elements_table.png used on input li
ne 480.
(pdftex.def)             Requested size: 333.74458pt x 246.61969pt.


LaTeX Warning: `h' float specifier changed to `ht'.


Underfull \hbox (badness 10000) in paragraph at lines 487--493

 []

[23 <./fotos/kapitel2/ergebnis_html_table.png>]
Underfull \hbox (badness 10000) in paragraph at lines 507--522

 []

[24 <./fotos/kapitel2/dom_elements_table.png>]
Underfull \hbox (badness 10000) in paragraph at lines 526--537

 []


Underfull \hbox (badness 10000) in paragraph at lines 551--561

 []

[25]) [26]
\openout2 = `kapitel/sicherheit.aux'.

 (./kapitel/sicherheit.tex
Kapitel 3.

Underfull \hbox (badness 10000) in paragraph at lines 4--13

 []


Underfull \hbox (badness 10000) in paragraph at lines 16--26

 []


Underfull \hbox (badness 10000) in paragraph at lines 28--32

 []

[27




] <fotos/kapitel3/md5sum.png, id=741, 666.49pt x 43.16125pt>
File: fotos/kapitel3/md5sum.png Graphic file (type png)

<use fotos/kapitel3/md5sum.png>
Package pdftex.def Info: fotos/kapitel3/md5sum.png used on input line 35.
(pdftex.def)             Requested size: 399.89708pt x 25.89694pt.

Underfull \hbox (badness 10000) in paragraph at lines 41--49

 []


Underfull \hbox (badness 10000) in paragraph at lines 52--55

 []

[28 <./fotos/kapitel3/md5sum.png (PNG copy)>]
Underfull \hbox (badness 10000) in paragraph at lines 70--98

 []


Underfull \hbox (badness 10000) in paragraph at lines 103--111

 []

[29]
Underfull \hbox (badness 10000) in paragraph at lines 114--120

 []


Underfull \hbox (badness 10000) in paragraph at lines 127--133

 []

[30]
Underfull \hbox (badness 10000) in paragraph at lines 158--164

 []


Underfull \hbox (badness 10000) in paragraph at lines 167--184

 []

[31]
Underfull \hbox (badness 10000) in paragraph at lines 188--192

 []


Underfull \hbox (badness 10000) in paragraph at lines 195--199

 []

<diagramme/kapitel3/gesammt_system.png, id=801, 758.835pt x 398.48875pt>
File: diagramme/kapitel3/gesammt_system.png Graphic file (type png)

<use diagramme/kapitel3/gesammt_system.png>
Package pdftex.def Info: diagramme/kapitel3/gesammt_system.png used on input li
ne 202.
(pdftex.def)             Requested size: 379.41658pt x 199.24388pt.
) [32 <./diagramme/kapitel3/gesammt_system.png>]
\openout2 = `kapitel/android_app.aux'.

 (./kapitel/android_app.tex
Kapitel 4.

Underfull \hbox (badness 10000) in paragraph at lines 6--9

 []

(./kapitel/android_app_section/modelierung.tex
Underfull \hbox (badness 10000) in paragraph at lines 5--12

 []

<diagramme/kapitel4/MVC.png, id=807, 509.905pt x 100.375pt>
File: diagramme/kapitel4/MVC.png Graphic file (type png)

<use diagramme/kapitel4/MVC.png>
Package pdftex.def Info: diagramme/kapitel4/MVC.png used on input line 15.
(pdftex.def)             Requested size: 356.93106pt x 70.26201pt.
 [33




 <./diagramme/kapitel4/MVC.png>]
Overfull \hbox (7.61009pt too wide) in paragraph at lines 36--38
[]\T1/cmr/m/n/10.95 Wird das ge-sam-te Pro-jekt be-trach-tet, han-delt es sich 
da-bei um ei-ne Client-Server-Architektur.
 []


Underfull \hbox (badness 10000) in paragraph at lines 36--38

 []

<diagramme/kapitel4/client_server.png, id=813, 712.6625pt x 417.56pt>
File: diagramme/kapitel4/client_server.png Graphic file (type png)

<use diagramme/kapitel4/client_server.png>
Package pdftex.def Info: diagramme/kapitel4/client_server.png used on input lin
e 41.
(pdftex.def)             Requested size: 356.33038pt x 208.77948pt.

Underfull \hbox (badness 10000) in paragraph at lines 46--49

 []

) (./kapitel/android_app_section/apoco_projektstruktur.tex
Underfull \hbox (badness 10000) in paragraph at lines 4--8

 []

[34 <./diagramme/kapitel4/client_server.png>]
Overfull \hbox (2.3638pt too wide) in paragraph at lines 25--33
\T1/cmr/m/n/10.95 Smart-pho-ne. Es ist ei-ne von zwei Mög-lich-kei-ten des Kop-
pe-lungs-vor-gangs in der ApoCo-
 []

[35] [36]
<screenshots/kapitel4/projekt_struktur/projekt_struktur_pakete.png, id=829, 271
.0125pt x 547.04375pt>
File: screenshots/kapitel4/projekt_struktur/projekt_struktur_pakete.png Graphic
 file (type png)

<use screenshots/kapitel4/projekt_struktur/projekt_struktur_pakete.png>
Package pdftex.def Info: screenshots/kapitel4/projekt_struktur/projekt_struktur
_pakete.png used on input line 113.
(pdftex.def)             Requested size: 189.70744pt x 382.92801pt.


LaTeX Warning: `h' float specifier changed to `ht'.

[37] [38 <./screenshots/kapitel4/projekt_struktur/projekt_struktur_pakete.png>]

Underfull \hbox (badness 10000) in paragraph at lines 153--168

 []


Overfull \hbox (16.82945pt too wide) in paragraph at lines 177--179
\T1/cmr/m/n/10.95 Über die-ses In-ter-face kom-mu-ni-zie-ren Ac-ti-vi-ties mit 
Threads, wel-che ei-ne BluetoothSocket-
 []

[39] [40]
Overfull \hbox (52.83554pt too wide) in paragraph at lines 229--234
\T1/cmr/m/n/10.95 richt ent-hal-ten sind, als se-pa-ra-te \T1/cmr/m/it/10.95 Bl
ood-pres-su-re-Re-sult\T1/cmr/m/n/10.95 -Objekte in ei-ner \T1/cmr/m/it/10.95 L
ist<BloodpressureResult>
 []

[41]
Underfull \hbox (badness 10000) in paragraph at lines 275--289

 []

[42]
Overfull \hbox (14.1194pt too wide) in paragraph at lines 306--310
\T1/cmr/m/n/10.95 In die-sem Pa-ket ist nur die Klas-se \T1/cmtt/m/it/10.95 KER
N_PCB_MessageBuilder \T1/cmr/m/n/10.95 ent-hal-ten. Die Kern-Laborwaage
 []


Underfull \hbox (badness 10000) in paragraph at lines 306--310

 []


Underfull \hbox (badness 10000) in paragraph at lines 329--332

 []

[43]
Overfull \hbox (1.01582pt too wide) in paragraph at lines 335--341
\T1/cmr/m/n/10.95 Dieses Pa-ket bein-hal-tet den \T1/cmr/m/it/10.95 Pre-fe-renc
es-Ma-na-ger \T1/cmr/m/n/10.95 und ei-ne Schnitt-stel-le \T1/cmtt/m/it/10.95 AP
OCO_PREFERENCES\T1/cmr/m/n/10.95 .
 []


Underfull \hbox (badness 10000) in paragraph at lines 335--341

 []

[44])
Underfull \hbox (badness 10000) in paragraph at lines 394--14

 []

(./kapitel/android_app_section/architektur_der_apoco_datenbank.tex [45]
Underfull \hbox (badness 10000) in paragraph at lines 24--27

 []


Underfull \hbox (badness 10000) in paragraph at lines 39--41

 []

[46]
Underfull \hbox (badness 10000) in paragraph at lines 42--55

 []


Underfull \hbox (badness 10000) in paragraph at lines 69--72

 []

[47]
Underfull \hbox (badness 10000) in paragraph at lines 83--92

 []


Underfull \hbox (badness 10000) in paragraph at lines 120--122

 []

[48]
Underfull \hbox (badness 10000) in paragraph at lines 136--149

 []


Underfull \hbox (badness 10000) in paragraph at lines 170--176

 []

[49]
Underfull \hbox (badness 10000) in paragraph at lines 194--202

 []


Underfull \hbox (badness 10000) in paragraph at lines 219--224

 []

[50] [51]
<diagramme/kapitel4/apoco_datenbank_schema.png, id=1029, 668.4975pt x 749.80125
pt>
File: diagramme/kapitel4/apoco_datenbank_schema.png Graphic file (type png)
 <use diagramme/kapitel4/apoco_datenbank_schema.png>
Package pdftex.def Info: diagramme/kapitel4/apoco_datenbank_schema.png used on 
input line 284.
(pdftex.def)             Requested size: 354.30199pt x 397.39278pt.


LaTeX Warning: `h' float specifier changed to `ht'.

) (./kapitel/android_app_section/bluetooth_kommunikation.tex
Underfull \hbox (badness 10000) in paragraph at lines 5--28

 []

[52] [53 <./diagramme/kapitel4/apoco_datenbank_schema.png>]
<diagramme/kapitel4/sequenzdiagramme/bt_com_aufbau_datasend.png, id=1044, 890.3
2625pt x 423.5825pt>
File: diagramme/kapitel4/sequenzdiagramme/bt_com_aufbau_datasend.png Graphic fi
le (type png)

<use diagramme/kapitel4/sequenzdiagramme/bt_com_aufbau_datasend.png>
Package pdftex.def Info: diagramme/kapitel4/sequenzdiagramme/bt_com_aufbau_data
send.png used on input line 59.
(pdftex.def)             Requested size: 445.16203pt x 211.79073pt.

Overfull \hbox (14.10272pt too wide) in paragraph at lines 59--60
 [][] 
 []

[54 <./diagramme/kapitel4/sequenzdiagramme/bt_com_aufbau_datasend.png>]
Underfull \hbox (badness 10000) in paragraph at lines 81--82

 []


<diagramme/kapitel4/uml/weighttel_messagedecode.png, id=1050, 458.71375pt x 280
.04625pt>
File: diagramme/kapitel4/uml/weighttel_messagedecode.png Graphic file (type png
)
 <use diagramme/kapitel4/uml/weighttel_messagedecode.png>
Package pdftex.def Info: diagramme/kapitel4/uml/weighttel_messagedecode.png use
d on input line 88.
(pdftex.def)             Requested size: 357.79529pt x 218.43518pt.

Underfull \hbox (badness 10000) in paragraph at lines 93--107

 []

[55 <./diagramme/kapitel4/uml/weighttel_messagedecode.png (PNG copy)>]
<diagramme/kapitel4/sequenzdiagramme/weighttel_messagedecode.png, id=1056, 940.
51375pt x 403.5075pt>
File: diagramme/kapitel4/sequenzdiagramme/weighttel_messagedecode.png Graphic f
ile (type png)

<use diagramme/kapitel4/sequenzdiagramme/weighttel_messagedecode.png>
Package pdftex.def Info: diagramme/kapitel4/sequenzdiagramme/weighttel_messaged
ecode.png used on input line 110.
(pdftex.def)             Requested size: 423.22728pt x 181.57669pt.
 [56 <./diagramme/kapitel4/sequenzdiagramme/weighttel_messagedecode.png>]
<diagramme/kapitel4/uml/show_results_in_lv.png, id=1062, 373.395pt x 293.095pt>
File: diagramme/kapitel4/uml/show_results_in_lv.png Graphic file (type png)
<use diagramme/kapitel4/uml/show_results_in_lv.png>
Package pdftex.def Info: diagramme/kapitel4/uml/show_results_in_lv.png used on 
input line 133.
(pdftex.def)             Requested size: 298.7164pt x 234.4763pt.

<diagramme/kapitel4/sequenzdiagramme/vl_db.png, id=1063, 786.94pt x 283.0575pt>
File: diagramme/kapitel4/sequenzdiagramme/vl_db.png Graphic file (type png)
<use diagramme/kapitel4/sequenzdiagramme/vl_db.png>
Package pdftex.def Info: diagramme/kapitel4/sequenzdiagramme/vl_db.png used on 
input line 140.
(pdftex.def)             Requested size: 393.46904pt x 141.5284pt.
)
(./kapitel/android_app_section/datensynchronisation_rest.tex
Underfull \hbox (badness 10000) in paragraph at lines 7--44

 []

[57 <./diagramme/kapitel4/uml/show_results_in_lv.png (PNG copy)> <./diagramme/k
apitel4/sequenzdiagramme/vl_db.png>]
<diagramme/kapitel4/sequenzdiagramme/data_sync.png, id=1071, 1203.49625pt x 595
.22375pt>
File: diagramme/kapitel4/sequenzdiagramme/data_sync.png Graphic file (type png)

 <use diagramme/kapitel4/sequenzdiagramme/data_sync.png>
Package pdftex.def Info: diagramme/kapitel4/sequenzdiagramme/data_sync.png used
 on input line 47.
(pdftex.def)             Requested size: 433.25832pt x 214.28038pt.

Overfull \hbox (2.199pt too wide) in paragraph at lines 47--48
 [][] 
 []


LaTeX Warning: `h' float specifier changed to `ht'.

[58] [59 <./diagramme/kapitel4/sequenzdiagramme/data_sync.png>]
Underfull \hbox (badness 10000) in paragraph at lines 104--121

 []

[60]
Underfull \hbox (badness 10000) in paragraph at lines 135--143

 []


Underfull \hbox (badness 10000) in paragraph at lines 149--155

 []


Underfull \hbox (badness 10000) in paragraph at lines 173--181

 []

[61]) (./kapitel/android_app_section/barcodeskanner.tex
Underfull \hbox (badness 10000) in paragraph at lines 5--27

 []

[62]
Underfull \hbox (badness 10000) in paragraph at lines 38--43

 []


Underfull \hbox (badness 10000) in paragraph at lines 51--59

 []

[63]) (./kapitel/android_app_section/apoco_use_cases.tex
<diagramme/kapitel4/use_cases.png, id=1222, 698.61pt x 637.38126pt>
File: diagramme/kapitel4/use_cases.png Graphic file (type png)

<use diagramme/kapitel4/use_cases.png>
Package pdftex.def Info: diagramme/kapitel4/use_cases.png used on input line 12
.
(pdftex.def)             Requested size: 419.16924pt x 382.4317pt.


LaTeX Warning: `h' float specifier changed to `ht'.

[64]) (./kapitel/gui_section/apoco_gui_gestaltung.tex
Underfull \hbox (badness 10000) in paragraph at lines 5--12

 []

[65 <./diagramme/kapitel4/use_cases.png>]
<screenshots/kapitel4/gui/activity_struktur.png, id=1237, 401.5pt x 537.00626pt
>
File: screenshots/kapitel4/gui/activity_struktur.png Graphic file (type png)
 <use screenshots/kapitel4/gui/activity_struktur.png>
Package pdftex.def Info: screenshots/kapitel4/gui/activity_struktur.png used on
 input line 15.
(pdftex.def)             Requested size: 200.7495pt x 268.50247pt.
 [66 <./screenshots/kapitel4/gui/activity_struktur.png>]
Underfull \hbox (badness 10000) in paragraph at lines 42--46

 []

<screenshots/kapitel4/gui/header_backbtn.png, id=1244, 301.125pt x 100.375pt>
File: screenshots/kapitel4/gui/header_backbtn.png Graphic file (type png)

<use screenshots/kapitel4/gui/header_backbtn.png>
Package pdftex.def Info: screenshots/kapitel4/gui/header_backbtn.png used on in
put line 49.
(pdftex.def)             Requested size: 150.56212pt x 50.18736pt.

Underfull \hbox (badness 10000) in paragraph at lines 54--56

 []

<screenshots/kapitel4/gui/back_btns.png, id=1245, 401.5pt x 537.00626pt>
File: screenshots/kapitel4/gui/back_btns.png Graphic file (type png)

<use screenshots/kapitel4/gui/back_btns.png>
Package pdftex.def Info: screenshots/kapitel4/gui/back_btns.png used on input l
ine 60.
(pdftex.def)             Requested size: 200.7495pt x 268.50247pt.


LaTeX Warning: `h' float specifier changed to `ht'.


Underfull \hbox (badness 10000) in paragraph at lines 72--76

 []

<screenshots/kapitel4/gui/hd_backbtn.png, id=1246, 401.5pt x 185.69376pt>
File: screenshots/kapitel4/gui/hd_backbtn.png Graphic file (type png)

<use screenshots/kapitel4/gui/hd_backbtn.png>
Package pdftex.def Info: screenshots/kapitel4/gui/hd_backbtn.png used on input 
line 79.
(pdftex.def)             Requested size: 200.7495pt x 92.84665pt.
 [67 <./screenshots/kapitel4/gui/header_backbtn.png>]
<screenshots/kapitel6/android/devices.png, id=1254, 362.35374pt x 109.40875pt>
File: screenshots/kapitel6/android/devices.png Graphic file (type png)

<use screenshots/kapitel6/android/devices.png>
Package pdftex.def Info: screenshots/kapitel6/android/devices.png used on input
 line 92.
(pdftex.def)             Requested size: 181.17642pt x 54.70422pt.


LaTeX Warning: `h' float specifier changed to `ht'.


Underfull \hbox (badness 10000) in paragraph at lines 97--101

 []

<screenshots/kapitel4/pairing.png, id=1255, 722.7pt x 1284.8pt>
File: screenshots/kapitel4/pairing.png Graphic file (type png)

<use screenshots/kapitel4/pairing.png>
Package pdftex.def Info: screenshots/kapitel4/pairing.png used on input line 10
4.
(pdftex.def)             Requested size: 144.53743pt x 256.95544pt.
 [68 <./screenshots/kapitel4/gui/back_btns.png> <./screenshots/kapitel4/gui/hd_
backbtn.png>]
Underfull \hbox (badness 10000) in paragraph at lines 109--113

 []

<screenshots/kapitel4/server_einstellungen.png, id=1265, 722.7pt x 1284.8pt>
File: screenshots/kapitel4/server_einstellungen.png Graphic file (type png)

<use screenshots/kapitel4/server_einstellungen.png>
Package pdftex.def Info: screenshots/kapitel4/server_einstellungen.png used on 
input line 116.
(pdftex.def)             Requested size: 144.53743pt x 256.95544pt.


LaTeX Warning: `h' float specifier changed to `ht'.


Underfull \hbox (badness 10000) in paragraph at lines 132--140

 []

[69 <./screenshots/kapitel6/android/devices.png> <./screenshots/kapitel4/pairin
g.png>] [70 <./screenshots/kapitel4/server_einstellungen.png>]
Underfull \hbox (badness 10000) in paragraph at lines 156--164

 []


<screenshots/kapitel6/android/animation_richtung.png, id=1297, 344.28625pt x 28
0.04625pt>
File: screenshots/kapitel6/android/animation_richtung.png Graphic file (type pn
g)
 <use screenshots/kapitel6/android/animation_richtung.png>
Package pdftex.def Info: screenshots/kapitel6/android/animation_richtung.png us
ed on input line 167.
(pdftex.def)             Requested size: 240.99872pt x 196.03102pt.

Underfull \hbox (badness 10000) in paragraph at lines 174--184

 []

<diagramme/kapitel6/android/activity_map.png, id=1298, 624.3325pt x 875.27pt>
File: diagramme/kapitel6/android/activity_map.png Graphic file (type png)

<use diagramme/kapitel6/android/activity_map.png>
Package pdftex.def Info: diagramme/kapitel6/android/activity_map.png used on in
put line 187.
(pdftex.def)             Requested size: 374.60239pt x 525.16606pt.


LaTeX Warning: `h' float specifier changed to `ht'.


Underfull \hbox (badness 10000) in paragraph at lines 192--211

 []

[71 <./screenshots/kapitel6/android/animation_richtung.png>]
<diagramme/kapitel6/android/zustand_dialog_beziehung.png, id=1305, 587.19376pt 
x 691.58376pt>
File: diagramme/kapitel6/android/zustand_dialog_beziehung.png Graphic file (typ
e png)
 <use diagramme/kapitel6/android/zustand_dialog_beziehung.png>
Package pdftex.def Info: diagramme/kapitel6/android/zustand_dialog_beziehung.pn
g used on input line 216.
(pdftex.def)             Requested size: 352.31897pt x 414.95345pt.


LaTeX Warning: `h' float specifier changed to `ht'.

)) [72] [73 <./diagramme/kapitel6/android/activity_map.png>] [74 <./diagramme/k
apitel6/android/zustand_dialog_beziehung.png>]
\openout2 = `kapitel/webanwendung.aux'.

 (./kapitel/webanwendung.tex
Kapitel 5.
(./kapitel/webanwendung_section/modelierung.tex)
(./kapitel/webanwendung_section/anwendungslogik.tex
Underfull \hbox (badness 10000) in paragraph at lines 9--16

 []

[75




]
Underfull \hbox (badness 10000) in paragraph at lines 32--38

 []


Underfull \hbox (badness 10000) in paragraph at lines 52--59

 []

[76] [77]
Underfull \hbox (badness 10000) in paragraph at lines 118--123

 []

[78]) (./kapitel/webanwendung_section/klasse_calendar.tex
Underfull \hbox (badness 10000) in paragraph at lines 5--13

 []


<screenshots/kapitel5/calendar_widget_beschriftet.png, id=1399, 444.66125pt x 2
89.08pt>
File: screenshots/kapitel5/calendar_widget_beschriftet.png Graphic file (type p
ng)
 <use screenshots/kapitel5/calendar_widget_beschriftet.png>
Package pdftex.def Info: screenshots/kapitel5/calendar_widget_beschriftet.png u
sed on input line 16.
(pdftex.def)             Requested size: 311.26074pt x 202.35461pt.


LaTeX Warning: `h' float specifier changed to `ht'.

[79] [80 <./screenshots/kapitel5/calendar_widget_beschriftet.png>]
Underfull \hbox (badness 10000) in paragraph at lines 50--62

 []

[81]) (./kapitel/webanwendung_section/ajax_kalender.tex
Overfull \hbox (10.26424pt too wide) in paragraph at lines 42--50
[]\T1/cmr/m/n/10.95 Die Klas-se \T1/cmr/m/it/10.95 Ca-len-dar \T1/cmr/m/n/10.95
 kal-ku-liert al-le not-wen-di-gen Zel-len-in-for-ma-tio-nen. In ei-nem CSS-Dok
ument
 []

[82]) (./kapitel/webanwendung_section/webanwendung_use_cases.tex
Underfull \hbox (badness 10000) in paragraph at lines 7--10

 []

<diagramme/kapitel5/ac_usecases.png, id=1447, 759.83875pt x 697.60625pt>
File: diagramme/kapitel5/ac_usecases.png Graphic file (type png)

<use diagramme/kapitel5/ac_usecases.png>
Package pdftex.def Info: diagramme/kapitel5/ac_usecases.png used on input line 
13.
(pdftex.def)             Requested size: 417.9126pt x 383.68462pt.


LaTeX Warning: `h' float specifier changed to `ht'.

[83] [84 <./diagramme/kapitel5/ac_usecases.png>])
(./kapitel/webanwendung_section/fundament_der_anwendung.tex
<screenshots/kapitel5/wireframe.png, id=1491, 1011.78pt x 635.37375pt>
File: screenshots/kapitel5/wireframe.png Graphic file (type png)

<use screenshots/kapitel5/wireframe.png>
Package pdftex.def Info: screenshots/kapitel5/wireframe.png used on input line 
16.
(pdftex.def)             Requested size: 404.70483pt x 254.14499pt.


LaTeX Warning: `h' float specifier changed to `ht'.

) (./kapitel/gui_section/webserver_gui_gestaltung.tex [85] [86 <./screenshots/k
apitel5/wireframe.png>]
<screenshots/kapitel5/startseite_webui_.png, id=1504, 1405.25pt x 704.6325pt>
File: screenshots/kapitel5/startseite_webui_.png Graphic file (type png)

<use screenshots/kapitel5/startseite_webui_.png>
Package pdftex.def Info: screenshots/kapitel5/startseite_webui_.png used on inp
ut line 54.
(pdftex.def)             Requested size: 351.31165pt x 176.1577pt.

Underfull \hbox (badness 10000) in paragraph at lines 58--68

 []

[87 <./screenshots/kapitel5/startseite_webui_.png>]
<screenshots/kapitel5/modaldialogs_.png, id=1510, 747.79375pt x 457.71pt>
File: screenshots/kapitel5/modaldialogs_.png Graphic file (type png)

<use screenshots/kapitel5/modaldialogs_.png>
Package pdftex.def Info: screenshots/kapitel5/modaldialogs_.png used on input l
ine 71.
(pdftex.def)             Requested size: 373.89595pt x 228.85445pt.

Underfull \hbox (badness 10000) in paragraph at lines 75--84

 []

<screenshots/kapitel5/patient_graph_.png, id=1511, 1405.25pt x 704.6325pt>
File: screenshots/kapitel5/patient_graph_.png Graphic file (type png)

<use screenshots/kapitel5/patient_graph_.png>
Package pdftex.def Info: screenshots/kapitel5/patient_graph_.png used on input 
line 87.
(pdftex.def)             Requested size: 351.31165pt x 176.1577pt.


LaTeX Warning: `h' float specifier changed to `ht'.

<screenshots/kapitel5/meal_list_.png, id=1512, 1405.25pt x 702.625pt>
File: screenshots/kapitel5/meal_list_.png Graphic file (type png)

<use screenshots/kapitel5/meal_list_.png>
Package pdftex.def Info: screenshots/kapitel5/meal_list_.png used on input line
 93.
(pdftex.def)             Requested size: 351.31165pt x 175.6558pt.


LaTeX Warning: `h' float specifier changed to `ht'.


Underfull \hbox (badness 10000) in paragraph at lines 97--106

 []

[88 <./screenshots/kapitel5/modaldialogs_.png>]
<diagramme/kapitel5/zustand_dialog_beziehung_web.png, id=1518, 726.715pt x 470.
75874pt>
File: diagramme/kapitel5/zustand_dialog_beziehung_web.png Graphic file (type pn
g)
 <use diagramme/kapitel5/zustand_dialog_beziehung_web.png>
Package pdftex.def Info: diagramme/kapitel5/zustand_dialog_beziehung_web.png us
ed on input line 111.
(pdftex.def)             Requested size: 399.69447pt x 258.9181pt.


LaTeX Warning: `h' float specifier changed to `ht'.

)) [89 <./screenshots/kapitel5/patient_graph_.png> <./screenshots/kapitel5/meal
_list_.png>] [90 <./diagramme/kapitel5/zustand_dialog_beziehung_web.png>]
\openout2 = `kapitel/zusammenfassung.aux'.


(./kapitel/zusammenfassung.tex
Kapitel 6.
) [91




] [92] [93] (./root_file.bbl [94



]
Underfull \hbox (badness 10000) in paragraph at lines 25--28
[]\T1/cmr/m/it/10.95 AT-Befehlssatz\T1/cmr/m/n/10.95 , Web-si-te, 2013, []$\T1/
cmtt/m/n/10.95 http : / / de . wikipedia . org / wiki /
 []


Underfull \hbox (badness 10000) in paragraph at lines 30--33
\T1/cmtt/m/n/10.95 netzwerk / networkworld / technologyupdate / 402832 / blueto
oth _ wird _
 []


Underfull \hbox (badness 1394) in paragraph at lines 35--37
[]\T1/cmr/m/it/10.95 Bluetooth\T1/cmr/m/n/10.95 , Web-si-te, 2013, []$\T1/cmtt/
m/n/10.95 http : / / www . bluetooth . com / Pages / basics . aspx$[]\T1/cmr/m/
n/10.95 ;
 []


Underfull \hbox (badness 5203) in paragraph at lines 39--41
[]\T1/cmr/m/it/10.95 Bluetooth Spe-ci-al In-te-rest Group (SIG)\T1/cmr/m/n/10.9
5 , Web-si-te, 2013, []$\T1/cmtt/m/n/10.95 https : / / www .
 []


Underfull \hbox (badness 7308) in paragraph at lines 43--46
[]\T1/cmr/m/it/10.95 BlueZ ne-ver be sup-por-ted from An-dro-id4.2\T1/cmr/m/n/1
0.95 , Web-si-te, 2013, []$\T1/cmtt/m/n/10.95 http : / /
 []


Underfull \hbox (badness 10000) in paragraph at lines 43--46
\T1/cmtt/m/n/10.95 idea2well . com / index . php ? option = com _ content&view 
= article&id = 62 :
 []


Underfull \hbox (badness 2846) in paragraph at lines 59--62
[]\T1/cmr/m/it/10.95 Cascading Sty-le Sheets\T1/cmr/m/n/10.95 , Web-si-te, 2013
, []$\T1/cmtt/m/n/10.95 http : / / de . wikipedia . org / wiki /
 []


Underfull \hbox (badness 10000) in paragraph at lines 64--67
\T1/cmtt/m/n/10.95 European _ Article _ Number # EAN-[]Strichcode _ zur _ Codie
rung _ der _ GTIN _
 []


Underfull \hbox (badness 10000) in paragraph at lines 69--71
[]\T1/cmr/m/it/10.95 Produkte Ã$[]$berall fin-den\T1/cmr/m/n/10.95 , Web-si-te,
 2013, []$\T1/cmtt/m/n/10.95 http : / / ean-[]suche . org /
 []

[95]
Underfull \hbox (badness 10000) in paragraph at lines 104--107
[]\T1/cmr/m/it/10.95 KERN PCB 6000\T1/cmr/m/n/10.95 , Web-si-te, 2013, []$\T1/c
mtt/m/n/10.95 http : / / www . kern-[]sohn . com / data /
 []


Underfull \hbox (badness 10000) in paragraph at lines 104--107
\T1/cmtt/m/n/10.95 zusatzseiten / downloads / z-[]cb-[]de-[]kp-[]precision-[]ba
lances . pdf$[]\T1/cmr/m/n/10.95 ; Be-
 []


Underfull \hbox (badness 5050) in paragraph at lines 109--112
[]\T1/cmr/m/it/10.95 Medizinproduktrichtlinie\T1/cmr/m/n/10.95 , Web-si-te, 201
3, []$\T1/cmtt/m/n/10.95 http : / / de . wikipedia . org / wiki /
 []


Underfull \hbox (badness 7704) in paragraph at lines 132--135
[]\T1/cmr/m/it/10.95 Responsive Web-de-sign\T1/cmr/m/n/10.95 , Web-si-te, 2013,
 []$\T1/cmtt/m/n/10.95 http : / / de . wikipedia . org / wiki /
 []

[96]
Underfull \hbox (badness 10000) in paragraph at lines 168--171
[]\T1/cmr/m/it/10.95 Websiteentwicklung: XML: Auf-bau ei-nes XML-Dokumentes\T1/
cmr/m/n/10.95 , Web-si-te,
 []


Underfull \hbox (badness 10000) in paragraph at lines 168--171
\T1/cmr/m/n/10.95 2013, []$\T1/cmtt/m/n/10.95 http : / / de . wikibooks . org /
 wiki / Websiteentwicklung : _XML :
 []

) [97] [98


] (./root_file.lof [99])
\tf@lof=\write6
\openout6 = `root_file.lof'.



Class scrbook Warning: Usage of deprecated \float@listhead!
(scrbook)              You should use the features of package `tocbasic'
(scrbook)              instead of \float@listhead.
(scrbook)              Definition of \float@listhead my be removed from
(scrbook)              `scrbook' soon, so it should not be used  on input line 
39.

[100] (./root_file.lol [101


])
\tf@lol=\write7
\openout7 = `root_file.lol'.

 [102]
\openout2 = `kapitel/anhang.aux'.

 (./kapitel/anhang.tex
Anhang A.
[103



]) [104]
Package atveryend Info: Empty hook `BeforeClearDocument' on input line 43.
Package atveryend Info: Empty hook `AfterLastShipout' on input line 43.
 (./root_file.aux (./start/kurzfassung.aux)
(./start/ehrenwoertliche_erklaerung.aux) (./start/sperrvermerk.aux)
(./kapitel/einleitung.aux) (./kapitel/grundlagen.aux) (./kapitel/sicherheit.aux
) (./kapitel/android_app.aux) (./kapitel/webanwendung.aux)
(./kapitel/zusammenfassung.aux) (./kapitel/anhang.aux))
Package atveryend Info: Executing hook `AtVeryEndDocument' on input line 43.
Package atveryend Info: Executing hook `AtEndAfterFileList' on input line 43.


Package rerunfilecheck Warning: File `root_file.out' has changed.
(rerunfilecheck)                Rerun to get outlines right
(rerunfilecheck)                or use package `bookmark'.

Package rerunfilecheck Info: Checksums for `root_file.out':
(rerunfilecheck)             Before: 2262919A68EC52DFC130FBE92115765B;4894
(rerunfilecheck)             After:  2F67519D9D713B6F0EF34E4813731B6C;4895.
Package atveryend Info: Empty hook `AtVeryVeryEnd' on input line 43.
 ) 
Here is how much of TeX's memory you used:
 19311 strings out of 495007
 334682 string characters out of 3179690
 702239 words of memory out of 3000000
 21180 multiletter control sequences out of 15000+200000
 20586 words of font info for 46 fonts, out of 3000000 for 9000
 18 hyphenation exceptions out of 8191
 68i,12n,72p,460b,1928s stack positions out of 5000i,500n,10000p,200000b,50000s
pdfTeX warning (dest): name{Hfootnote.1} has been referenced but does not exi
st, replaced by a fixed one

 </home/ghost47/.texmf-var/fonts/pk/ljfour/jknappen/ec/ectt1095.600pk> </home/g
host47/.texmf-var/fonts/pk/ljfour/jknappen/ec/ecit1095.600pk> </home/ghost47/.t
exmf-var/fonts/pk/ljfour/jknappen/ec/ectt0800.600pk> </home/ghost47/.texmf-var/
fonts/pk/ljfour/jknappen/ec/ecrm0900.600pk> </home/ghost47/.texmf-var/fonts/pk/
ljfour/jknappen/ec/ecrm0600.600pk> </home/ghost47/.texmf-var/fonts/pk/ljfour/jk
nappen/ec/ecrm0800.600pk> </home/ghost47/.texmf-var/fonts/pk/ljfour/jknappen/ec
/ecsx1200.600pk> </home/ghost47/.texmf-var/fonts/pk/ljfour/jknappen/ec/ecti1095
.600pk> </home/ghost47/.texmf-var/fonts/pk/ljfour/jknappen/ec/ecsx1095.600pk> <
/home/ghost47/.texmf-var/fonts/pk/ljfour/jknappen/ec/ecbx1095.600pk> </home/gho
st47/.texmf-var/fonts/pk/ljfour/jknappen/ec/ecsx2074.600pk> </home/ghost47/.tex
mf-var/fonts/pk/ljfour/jknappen/ec/ecsx1440.600pk> </home/ghost47/.texmf-var/fo
nts/pk/ljfour/jknappen/ec/ecrm1095.600pk> </home/ghost47/.texmf-var/fonts/pk/lj
four/jknappen/ec/ecrm1200.600pk> </home/ghost47/.texmf-var/fonts/pk/ljfour/jkna
ppen/ec/ecrm1440.600pk> </home/ghost47/.texmf-var/fonts/pk/ljfour/jknappen/ec/e
cbx2074.600pk> </home/ghost47/.texmf-var/fonts/pk/ljfour/jknappen/ec/ecrm1000.6
00pk></usr/share/texlive/texmf-dist/fonts/type1/public/amsfonts/cm/cmr8.pfb></u
sr/share/texlive/texmf-dist/fonts/type1/public/amsfonts/cm/cmsy10.pfb>
Output written on root_file.pdf (112 pages, 7257385 bytes).
PDF statistics:
 2751 PDF objects out of 2984 (max. 8388607)
 1780 compressed objects within 18 object streams
 814 named destinations out of 1000 (max. 500000)
 812 words of extra memory for PDF output out of 10000 (max. 10000000)

